In file included from ../lib/kerberos.cc:1:0:
../lib/kerberos.h:32:48: error: 'Arguments' does not name a type
   static Handle<Value> AuthGSSClientInit(const Arguments &args);
                                                ^
../lib/kerberos.h:32:59: error: ISO C++ forbids declaration of 'args' with no type [-fpermissive]
   static Handle<Value> AuthGSSClientInit(const Arguments &args);
                                                           ^
../lib/kerberos.h:33:48: error: 'Arguments' does not name a type
   static Handle<Value> AuthGSSClientStep(const Arguments &args);
                                                ^
../lib/kerberos.h:33:59: error: ISO C++ forbids declaration of 'args' with no type [-fpermissive]
   static Handle<Value> AuthGSSClientStep(const Arguments &args);
                                                           ^
../lib/kerberos.h:34:50: error: 'Arguments' does not name a type
   static Handle<Value> AuthGSSClientUnwrap(const Arguments &args);
                                                  ^
../lib/kerberos.h:34:61: error: ISO C++ forbids declaration of 'args' with no type [-fpermissive]
   static Handle<Value> AuthGSSClientUnwrap(const Arguments &args);
                                                             ^
../lib/kerberos.h:35:48: error: 'Arguments' does not name a type
   static Handle<Value> AuthGSSClientWrap(const Arguments &args);
                                                ^
../lib/kerberos.h:35:59: error: ISO C++ forbids declaration of 'args' with no type [-fpermissive]
   static Handle<Value> AuthGSSClientWrap(const Arguments &args);
                                                           ^
../lib/kerberos.h:36:49: error: 'Arguments' does not name a type
   static Handle<Value> AuthGSSClientClean(const Arguments &args);
                                                 ^
../lib/kerberos.h:36:60: error: ISO C++ forbids declaration of 'args' with no type [-fpermissive]
   static Handle<Value> AuthGSSClientClean(const Arguments &args);
                                                            ^
../lib/kerberos.h:39:34: error: 'Arguments' does not name a type
   static Handle<Value> New(const Arguments &args);  
                                  ^
../lib/kerberos.h:39:45: error: ISO C++ forbids declaration of 'args' with no type [-fpermissive]
   static Handle<Value> New(const Arguments &args);  
                                             ^
../lib/kerberos.h:42:23: error: 'uv_work_t' has not been declared
   static void Process(uv_work_t* work_req);
                       ^
../lib/kerberos.h:44:21: error: 'uv_work_t' has not been declared
   static void After(uv_work_t* work_req);
                     ^
In file included from ../lib/kerberos.cc:3:0:
../lib/worker.h:17:5: error: 'uv_work_t' does not name a type
     uv_work_t request;
     ^
In file included from ../lib/kerberos.cc:4:0:
../lib/kerberos_context.h:44:34: error: 'Arguments' does not name a type
   static Handle<Value> New(const Arguments &args);  
                                  ^
../lib/kerberos_context.h:44:45: error: ISO C++ forbids declaration of 'args' with no type [-fpermissive]
   static Handle<Value> New(const Arguments &args);  
                                             ^
../lib/kerberos_context.h:46:69: error: 'AccessorInfo' does not name a type
   static Handle<Value> ResponseGetter(Local<String> property, const AccessorInfo& info);  
                                                                     ^
../lib/kerberos_context.h:46:83: error: ISO C++ forbids declaration of 'info' with no type [-fpermissive]
   static Handle<Value> ResponseGetter(Local<String> property, const AccessorInfo& info);  
                                                                                   ^
../lib/kerberos_context.h: In static member function 'static bool KerberosContext::HasInstance(v8::Handle<v8::Value>)':
../lib/kerberos_context.h:28:32: error: base operand of '->' has non-pointer type 'v8::Persistent<v8::FunctionTemplate>'
     return constructor_template->HasInstance(obj);
                                ^
In file included from /Users/macbookpro-24/.node-gyp/0.12.7/src/node.h:61:0,
                 from ../lib/kerberos.h:4,
                 from ../lib/kerberos.cc:1:
/Users/macbookpro-24/.node-gyp/0.12.7/deps/v8/include/v8.h: In function 'v8::Handle<v8::Value> VException(const char*)':
/Users/macbookpro-24/.node-gyp/0.12.7/deps/v8/include/v8.h:816:13: error: 'v8::HandleScope::HandleScope()' is protected
   V8_INLINE HandleScope() {}
             ^
../lib/kerberos.cc:40:15: error: within this context
   HandleScope scope;
               ^
../lib/kerberos.cc:41:42: error: 'New' is not a member of 'v8::String'
   return ThrowException(Exception::Error(String::New(msg)));
                                          ^
../lib/kerberos.cc:41:59: error: 'ThrowException' was not declared in this scope
   return ThrowException(Exception::Error(String::New(msg)));
                                                           ^
In file included from /Users/macbookpro-24/.node-gyp/0.12.7/src/node.h:61:0,
                 from ../lib/kerberos.h:4,
                 from ../lib/kerberos.cc:1:
/Users/macbookpro-24/.node-gyp/0.12.7/deps/v8/include/v8.h: In static member function 'static void Kerberos::Initialize(v8::Handle<v8::Object>)':
/Users/macbookpro-24/.node-gyp/0.12.7/deps/v8/include/v8.h:816:13: error: 'v8::HandleScope::HandleScope()' is protected
   V8_INLINE HandleScope() {}
             ^
../lib/kerberos.cc:49:15: error: within this context
   HandleScope scope;
               ^
../lib/kerberos.cc:51:66: error: no matching function for call to 'v8::FunctionTemplate::New(v8::Handle<v8::Value> (&)(const int&))'
   Local<FunctionTemplate> t = FunctionTemplate::New(Kerberos::New);
                                                                  ^
../lib/kerberos.cc:51:66: note: candidate is:
In file included from /Users/macbookpro-24/.node-gyp/0.12.7/src/node.h:61:0,
                 from ../lib/kerberos.h:4,
                 from ../lib/kerberos.cc:1:
/Users/macbookpro-24/.node-gyp/0.12.7/deps/v8/include/v8.h:3455:34: note: static v8::Local<v8::FunctionTemplate> v8::FunctionTemplate::New(v8::Isolate*, v8::FunctionCallback, v8::Handle<v8::Value>, v8::Handle<v8::Signature>, int)
   static Local<FunctionTemplate> New(
                                  ^
/Users/macbookpro-24/.node-gyp/0.12.7/deps/v8/include/v8.h:3455:34: note:   no known conversion for argument 1 from 'v8::Handle<v8::Value>(const int&)' to 'v8::Isolate*'
../lib/kerberos.cc:52:61: error: no matching function for call to 'v8::Persistent<v8::FunctionTemplate>::New(v8::Local<v8::FunctionTemplate>&)'
   constructor_template = Persistent<FunctionTemplate>::New(t);
                                                             ^
../lib/kerberos.cc:52:61: note: candidate is:
In file included from /Users/macbookpro-24/.node-gyp/0.12.7/src/node.h:61:0,
                 from ../lib/kerberos.h:4,
                 from ../lib/kerberos.cc:1:
/Users/macbookpro-24/.node-gyp/0.12.7/deps/v8/include/v8.h:5798:4: note: static T* v8::PersistentBase<T>::New(v8::Isolate*, T*) [with T = v8::FunctionTemplate]
 T* PersistentBase<T>::New(Isolate* isolate, T* that) {
    ^
/Users/macbookpro-24/.node-gyp/0.12.7/deps/v8/include/v8.h:5798:4: note:   candidate expects 2 arguments, 1 provided
../lib/kerberos.cc:53:23: error: base operand of '->' has non-pointer type 'v8::Persistent<v8::FunctionTemplate>'
   constructor_template->InstanceTemplate()->SetInternalFieldCount(1);
                       ^
../lib/kerberos.cc:54:23: error: base operand of '->' has non-pointer type 'v8::Persistent<v8::FunctionTemplate>'
   constructor_template->SetClassName(String::NewSymbol("Kerberos"));
                       ^
../lib/kerberos.cc:54:38: error: 'NewSymbol' is not a member of 'v8::String'
   constructor_template->SetClassName(String::NewSymbol("Kerberos"));
                                      ^
../lib/kerberos.cc:57:89: error: could not convert 'Kerberos::constructor_template' from 'v8::Persistent<v8::FunctionTemplate>' to 'v8::Handle<v8::FunctionTemplate>'
   NODE_SET_PROTOTYPE_METHOD(constructor_template, "authGSSClientInit", AuthGSSClientInit);  
                                                                                         ^
../lib/kerberos.cc:58:89: error: could not convert 'Kerberos::constructor_template' from 'v8::Persistent<v8::FunctionTemplate>' to 'v8::Handle<v8::FunctionTemplate>'
   NODE_SET_PROTOTYPE_METHOD(constructor_template, "authGSSClientStep", AuthGSSClientStep);  
                                                                                         ^
../lib/kerberos.cc:59:93: error: could not convert 'Kerberos::constructor_template' from 'v8::Persistent<v8::FunctionTemplate>' to 'v8::Handle<v8::FunctionTemplate>'
   NODE_SET_PROTOTYPE_METHOD(constructor_template, "authGSSClientUnwrap", AuthGSSClientUnwrap);
                                                                                             ^
../lib/kerberos.cc:60:89: error: could not convert 'Kerberos::constructor_template' from 'v8::Persistent<v8::FunctionTemplate>' to 'v8::Handle<v8::FunctionTemplate>'
   NODE_SET_PROTOTYPE_METHOD(constructor_template, "authGSSClientWrap", AuthGSSClientWrap);
                                                                                         ^
../lib/kerberos.cc:61:91: error: could not convert 'Kerberos::constructor_template' from 'v8::Persistent<v8::FunctionTemplate>' to 'v8::Handle<v8::FunctionTemplate>'
   NODE_SET_PROTOTYPE_METHOD(constructor_template, "authGSSClientClean", AuthGSSClientClean);
                                                                                           ^
../lib/kerberos.cc:64:20: error: 'NewSymbol' is not a member of 'v8::String'
   target->ForceSet(String::NewSymbol("Kerberos"), constructor_template->GetFunction());
                    ^
../lib/kerberos.cc:64:71: error: base operand of '->' has non-pointer type 'v8::Persistent<v8::FunctionTemplate>'
   target->ForceSet(String::NewSymbol("Kerberos"), constructor_template->GetFunction());
                                                                       ^
../lib/kerberos.cc: At global scope:
../lib/kerberos.cc:67:35: error: 'Arguments' does not name a type
 Handle<Value> Kerberos::New(const Arguments &args) {
                                   ^
../lib/kerberos.cc:67:46: error: ISO C++ forbids declaration of 'args' with no type [-fpermissive]
 Handle<Value> Kerberos::New(const Arguments &args) {
                                              ^
../lib/kerberos.cc: In static member function 'static v8::Handle<v8::Value> Kerberos::New(const int&)':
../lib/kerberos.cc:71:23: error: request for member 'This' in 'args', which is of non-class type 'const int'
   kerberos->Wrap(args.This());
                       ^
../lib/kerberos.cc:72:15: error: request for member 'This' in 'args', which is of non-class type 'const int'
   return args.This();
               ^
In file included from /Users/macbookpro-24/.node-gyp/0.12.7/src/node.h:61:0,
                 from ../lib/kerberos.h:4,
                 from ../lib/kerberos.cc:1:
/Users/macbookpro-24/.node-gyp/0.12.7/deps/v8/include/v8.h: In function 'v8::Handle<v8::Value> _map_authGSSClientInit(Worker*)':
/Users/macbookpro-24/.node-gyp/0.12.7/deps/v8/include/v8.h:816:13: error: 'v8::HandleScope::HandleScope()' is protected
   V8_INLINE HandleScope() {}
             ^
../lib/kerberos.cc:108:15: error: within this context
   HandleScope scope;
               ^
../lib/kerberos.cc:113:16: error: 'class v8::HandleScope' has no member named 'Close'
   return scope.Close(context->handle_);
                ^
In file included from ../lib/kerberos.h:9:0,
                 from ../lib/kerberos.cc:1:
/Users/macbookpro-24/.node-gyp/0.12.7/src/node_object_wrap.h:132:30: error: 'v8::Persistent<v8::Object> node::ObjectWrap::handle_' is private
   v8::Persistent<v8::Object> handle_;
                              ^
../lib/kerberos.cc:113:31: error: within this context
   return scope.Close(context->handle_);
                               ^
../lib/kerberos.cc: At global scope:
../lib/kerberos.cc:117:49: error: 'Arguments' does not name a type
 Handle<Value> Kerberos::AuthGSSClientInit(const Arguments &args) {
                                                 ^
../lib/kerberos.cc:117:60: error: ISO C++ forbids declaration of 'args' with no type [-fpermissive]
 Handle<Value> Kerberos::AuthGSSClientInit(const Arguments &args) {
                                                            ^
In file included from /Users/macbookpro-24/.node-gyp/0.12.7/src/node.h:61:0,
                 from ../lib/kerberos.h:4,
                 from ../lib/kerberos.cc:1:
/Users/macbookpro-24/.node-gyp/0.12.7/deps/v8/include/v8.h: In static member function 'static v8::Handle<v8::Value> Kerberos::AuthGSSClientInit(const int&)':
/Users/macbookpro-24/.node-gyp/0.12.7/deps/v8/include/v8.h:816:13: error: 'v8::HandleScope::HandleScope()' is protected
   V8_INLINE HandleScope() {}
             ^
../lib/kerberos.cc:118:15: error: within this context
   HandleScope scope;
               ^
../lib/kerberos.cc:121:11: error: request for member 'Length' in 'args', which is of non-class type 'const int'
   if(args.Length() != 3) return VException("Requires a service string uri, integer flags and a callback function");
           ^
../lib/kerberos.cc:122:11: error: request for member 'Length' in 'args', which is of non-class type 'const int'
   if(args.Length() == 3 && !args[0]->IsString() && !args[1]->IsInt32() && !args[2]->IsFunction()) 
           ^
../lib/kerberos.cc:122:35: error: invalid types 'const int[int]' for array subscript
   if(args.Length() == 3 && !args[0]->IsString() && !args[1]->IsInt32() && !args[2]->IsFunction()) 
                                   ^
../lib/kerberos.cc:122:59: error: invalid types 'const int[int]' for array subscript
   if(args.Length() == 3 && !args[0]->IsString() && !args[1]->IsInt32() && !args[2]->IsFunction()) 
                                                           ^
../lib/kerberos.cc:122:82: error: invalid types 'const int[int]' for array subscript
   if(args.Length() == 3 && !args[0]->IsString() && !args[1]->IsInt32() && !args[2]->IsFunction()) 
                                                                                  ^
../lib/kerberos.cc:125:33: error: invalid types 'const int[int]' for array subscript
   Local<String> service = args[0]->ToString();
                                 ^
../lib/kerberos.cc:133:22: error: invalid types 'const int[int]' for array subscript
   call->flags =args[1]->ToInt32()->Uint32Value();
                      ^
../lib/kerberos.cc:137:58: error: invalid types 'const int[int]' for array subscript
   Local<Function> callback = Local<Function>::Cast(args[2]);
                                                          ^
../lib/kerberos.cc:142:11: error: 'class Worker' has no member named 'request'
   worker->request.data = worker;
           ^
../lib/kerberos.cc:143:56: error: no matching function for call to 'v8::Persistent<v8::Function>::New(v8::Local<v8::Function>&)'
   worker->callback = Persistent<Function>::New(callback);
                                                        ^
../lib/kerberos.cc:143:56: note: candidate is:
In file included from /Users/macbookpro-24/.node-gyp/0.12.7/src/node.h:61:0,
                 from ../lib/kerberos.h:4,
                 from ../lib/kerberos.cc:1:
/Users/macbookpro-24/.node-gyp/0.12.7/deps/v8/include/v8.h:5798:4: note: static T* v8::PersistentBase<T>::New(v8::Isolate*, T*) [with T = v8::Function]
 T* PersistentBase<T>::New(Isolate* isolate, T* that) {
    ^
/Users/macbookpro-24/.node-gyp/0.12.7/deps/v8/include/v8.h:5798:4: note:   candidate expects 2 arguments, 1 provided
../lib/kerberos.cc:149:33: error: 'uv_default_loop' was not declared in this scope
   uv_queue_work(uv_default_loop(), &worker->request, Kerberos::Process, (uv_after_work_cb)Kerberos::After);
                                 ^
../lib/kerberos.cc:149:45: error: 'class Worker' has no member named 'request'
   uv_queue_work(uv_default_loop(), &worker->request, Kerberos::Process, (uv_after_work_cb)Kerberos::After);
                                             ^
../lib/kerberos.cc:149:74: error: 'uv_after_work_cb' was not declared in this scope
   uv_queue_work(uv_default_loop(), &worker->request, Kerberos::Process, (uv_after_work_cb)Kerberos::After);
                                                                          ^
../lib/kerberos.cc:149:106: error: 'uv_queue_work' was not declared in this scope
   uv_queue_work(uv_default_loop(), &worker->request, Kerberos::Process, (uv_after_work_cb)Kerberos::After);
                                                                                                          ^
../lib/kerberos.cc:151:16: error: 'class v8::HandleScope' has no member named 'Close'
   return scope.Close(Undefined());
                ^
../lib/kerberos.cc:151:32: error: too few arguments to function 'v8::Handle<v8::Primitive> v8::Undefined(v8::Isolate*)'
   return scope.Close(Undefined());
                                ^
In file included from /Users/macbookpro-24/.node-gyp/0.12.7/src/node.h:61:0,
                 from ../lib/kerberos.h:4,
                 from ../lib/kerberos.cc:1:
/Users/macbookpro-24/.node-gyp/0.12.7/deps/v8/include/v8.h:305:28: note: declared here
   friend Handle<Primitive> Undefined(Isolate* isolate);
                            ^
/Users/macbookpro-24/.node-gyp/0.12.7/deps/v8/include/v8.h: In function 'v8::Handle<v8::Value> _map_authGSSClientStep(Worker*)':
/Users/macbookpro-24/.node-gyp/0.12.7/deps/v8/include/v8.h:816:13: error: 'v8::HandleScope::HandleScope()' is protected
   V8_INLINE HandleScope() {}
             ^
../lib/kerberos.cc:192:15: error: within this context
   HandleScope scope;
               ^
../lib/kerberos.cc:194:16: error: 'class v8::HandleScope' has no member named 'Close'
   return scope.Close(Int32::New(worker->return_code));
                ^
../lib/kerberos.cc:194:52: error: no matching function for call to 'v8::Int32::New(int&)'
   return scope.Close(Int32::New(worker->return_code));
                                                    ^
../lib/kerberos.cc:194:52: note: candidate is:
In file included from /Users/macbookpro-24/.node-gyp/0.12.7/src/node.h:61:0,
                 from ../lib/kerberos.h:4,
                 from ../lib/kerberos.cc:1:
/Users/macbookpro-24/.node-gyp/0.12.7/deps/v8/include/v8.h:2012:25: note: static v8::Local<v8::Integer> v8::Integer::New(v8::Isolate*, int32_t)
   static Local<Integer> New(Isolate* isolate, int32_t value);
                         ^
/Users/macbookpro-24/.node-gyp/0.12.7/deps/v8/include/v8.h:2012:25: note:   candidate expects 2 arguments, 1 provided
../lib/kerberos.cc: At global scope:
../lib/kerberos.cc:198:49: error: 'Arguments' does not name a type
 Handle<Value> Kerberos::AuthGSSClientStep(const Arguments &args) {
                                                 ^
../lib/kerberos.cc:198:60: error: ISO C++ forbids declaration of 'args' with no type [-fpermissive]
 Handle<Value> Kerberos::AuthGSSClientStep(const Arguments &args) {
                                                            ^
In file included from /Users/macbookpro-24/.node-gyp/0.12.7/src/node.h:61:0,
                 from ../lib/kerberos.h:4,
                 from ../lib/kerberos.cc:1:
/Users/macbookpro-24/.node-gyp/0.12.7/deps/v8/include/v8.h: In static member function 'static v8::Handle<v8::Value> Kerberos::AuthGSSClientStep(const int&)':
/Users/macbookpro-24/.node-gyp/0.12.7/deps/v8/include/v8.h:816:13: error: 'v8::HandleScope::HandleScope()' is protected
   V8_INLINE HandleScope() {}
             ^
../lib/kerberos.cc:199:15: error: within this context
   HandleScope scope;
               ^
../lib/kerberos.cc:202:11: error: request for member 'Length' in 'args', which is of non-class type 'const int'
   if(args.Length() != 2 && args.Length() != 3) return VException("Requires a GSS context, optional challenge string and callback function");
           ^
../lib/kerberos.cc:202:33: error: request for member 'Length' in 'args', which is of non-class type 'const int'
   if(args.Length() != 2 && args.Length() != 3) return VException("Requires a GSS context, optional challenge string and callback function");
                                 ^
../lib/kerberos.cc:203:11: error: request for member 'Length' in 'args', which is of non-class type 'const int'
   if(args.Length() == 2 && !KerberosContext::HasInstance(args[0])) return VException("Requires a GSS context, optional challenge string and callback function");
           ^
../lib/kerberos.cc:203:64: error: invalid types 'const int[int]' for array subscript
   if(args.Length() == 2 && !KerberosContext::HasInstance(args[0])) return VException("Requires a GSS context, optional challenge string and callback function");
                                                                ^
../lib/kerberos.cc:204:11: error: request for member 'Length' in 'args', which is of non-class type 'const int'
   if(args.Length() == 3 && !KerberosContext::HasInstance(args[0]) && !args[1]->IsString()) return VException("Requires a GSS context, optional challenge string and callback function");
           ^
../lib/kerberos.cc:204:64: error: invalid types 'const int[int]' for array subscript
   if(args.Length() == 3 && !KerberosContext::HasInstance(args[0]) && !args[1]->IsString()) return VException("Requires a GSS context, optional challenge string and callback function");
                                                                ^
../lib/kerberos.cc:204:77: error: invalid types 'const int[int]' for array subscript
   if(args.Length() == 3 && !KerberosContext::HasInstance(args[0]) && !args[1]->IsString()) return VException("Requires a GSS context, optional challenge string and callback function");
                                                                             ^
../lib/kerberos.cc:209:32: error: invalid types 'const int[int]' for array subscript
   Local<Object> object = args[0]->ToObject();
                                ^
../lib/kerberos.cc:213:11: error: request for member 'Length' in 'args', which is of non-class type 'const int'
   if(args.Length() == 3) {
           ^
../lib/kerberos.cc:215:37: error: invalid types 'const int[int]' for array subscript
     Local<String> challenge = args[1]->ToString();
                                     ^
../lib/kerberos.cc:228:58: error: invalid types 'const int[int]' for array subscript
   Local<Function> callback = Local<Function>::Cast(args[2]);
                                                          ^
../lib/kerberos.cc:233:11: error: 'class Worker' has no member named 'request'
   worker->request.data = worker;
           ^
../lib/kerberos.cc:234:56: error: no matching function for call to 'v8::Persistent<v8::Function>::New(v8::Local<v8::Function>&)'
   worker->callback = Persistent<Function>::New(callback);
                                                        ^
../lib/kerberos.cc:234:56: note: candidate is:
In file included from /Users/macbookpro-24/.node-gyp/0.12.7/src/node.h:61:0,
                 from ../lib/kerberos.h:4,
                 from ../lib/kerberos.cc:1:
/Users/macbookpro-24/.node-gyp/0.12.7/deps/v8/include/v8.h:5798:4: note: static T* v8::PersistentBase<T>::New(v8::Isolate*, T*) [with T = v8::Function]
 T* PersistentBase<T>::New(Isolate* isolate, T* that) {
    ^
/Users/macbookpro-24/.node-gyp/0.12.7/deps/v8/include/v8.h:5798:4: note:   candidate expects 2 arguments, 1 provided
../lib/kerberos.cc:240:33: error: 'uv_default_loop' was not declared in this scope
   uv_queue_work(uv_default_loop(), &worker->request, Kerberos::Process, (uv_after_work_cb)Kerberos::After);
                                 ^
../lib/kerberos.cc:240:45: error: 'class Worker' has no member named 'request'
   uv_queue_work(uv_default_loop(), &worker->request, Kerberos::Process, (uv_after_work_cb)Kerberos::After);
                                             ^
../lib/kerberos.cc:240:74: error: 'uv_after_work_cb' was not declared in this scope
   uv_queue_work(uv_default_loop(), &worker->request, Kerberos::Process, (uv_after_work_cb)Kerberos::After);
                                                                          ^
../lib/kerberos.cc:240:106: error: 'uv_queue_work' was not declared in this scope
   uv_queue_work(uv_default_loop(), &worker->request, Kerberos::Process, (uv_after_work_cb)Kerberos::After);
                                                                                                          ^
../lib/kerberos.cc:243:16: error: 'class v8::HandleScope' has no member named 'Close'
   return scope.Close(Undefined());
                ^
../lib/kerberos.cc:243:32: error: too few arguments to function 'v8::Handle<v8::Primitive> v8::Undefined(v8::Isolate*)'
   return scope.Close(Undefined());
                                ^
In file included from /Users/macbookpro-24/.node-gyp/0.12.7/src/node.h:61:0,
                 from ../lib/kerberos.h:4,
                 from ../lib/kerberos.cc:1:
/Users/macbookpro-24/.node-gyp/0.12.7/deps/v8/include/v8.h:305:28: note: declared here
   friend Handle<Primitive> Undefined(Isolate* isolate);
                            ^
/Users/macbookpro-24/.node-gyp/0.12.7/deps/v8/include/v8.h: In function 'v8::Handle<v8::Value> _map_authGSSClientUnwrap(Worker*)':
/Users/macbookpro-24/.node-gyp/0.12.7/deps/v8/include/v8.h:816:13: error: 'v8::HandleScope::HandleScope()' is protected
   V8_INLINE HandleScope() {}
             ^
../lib/kerberos.cc:281:15: error: within this context
   HandleScope scope;
               ^
../lib/kerberos.cc:283:16: error: 'class v8::HandleScope' has no member named 'Close'
   return scope.Close(Int32::New(worker->return_code));
                ^
../lib/kerberos.cc:283:52: error: no matching function for call to 'v8::Int32::New(int&)'
   return scope.Close(Int32::New(worker->return_code));
                                                    ^
../lib/kerberos.cc:283:52: note: candidate is:
In file included from /Users/macbookpro-24/.node-gyp/0.12.7/src/node.h:61:0,
                 from ../lib/kerberos.h:4,
                 from ../lib/kerberos.cc:1:
/Users/macbookpro-24/.node-gyp/0.12.7/deps/v8/include/v8.h:2012:25: note: static v8::Local<v8::Integer> v8::Integer::New(v8::Isolate*, int32_t)
   static Local<Integer> New(Isolate* isolate, int32_t value);
                         ^
/Users/macbookpro-24/.node-gyp/0.12.7/deps/v8/include/v8.h:2012:25: note:   candidate expects 2 arguments, 1 provided
../lib/kerberos.cc: At global scope:
../lib/kerberos.cc:287:51: error: 'Arguments' does not name a type
 Handle<Value> Kerberos::AuthGSSClientUnwrap(const Arguments &args) {
                                                   ^
../lib/kerberos.cc:287:62: error: ISO C++ forbids declaration of 'args' with no type [-fpermissive]
 Handle<Value> Kerberos::AuthGSSClientUnwrap(const Arguments &args) {
                                                              ^
In file included from /Users/macbookpro-24/.node-gyp/0.12.7/src/node.h:61:0,
                 from ../lib/kerberos.h:4,
                 from ../lib/kerberos.cc:1:
/Users/macbookpro-24/.node-gyp/0.12.7/deps/v8/include/v8.h: In static member function 'static v8::Handle<v8::Value> Kerberos::AuthGSSClientUnwrap(const int&)':
/Users/macbookpro-24/.node-gyp/0.12.7/deps/v8/include/v8.h:816:13: error: 'v8::HandleScope::HandleScope()' is protected
   V8_INLINE HandleScope() {}
             ^
../lib/kerberos.cc:288:15: error: within this context
   HandleScope scope;
               ^
../lib/kerberos.cc:291:11: error: request for member 'Length' in 'args', which is of non-class type 'const int'
   if(args.Length() != 2 && args.Length() != 3) return VException("Requires a GSS context, optional challenge string and callback function");
           ^
../lib/kerberos.cc:291:33: error: request for member 'Length' in 'args', which is of non-class type 'const int'
   if(args.Length() != 2 && args.Length() != 3) return VException("Requires a GSS context, optional challenge string and callback function");
                                 ^
../lib/kerberos.cc:292:11: error: request for member 'Length' in 'args', which is of non-class type 'const int'
   if(args.Length() == 2 && !KerberosContext::HasInstance(args[0]) && !args[1]->IsFunction()) return VException("Requires a GSS context, optional challenge string and callback function");
           ^
../lib/kerberos.cc:292:64: error: invalid types 'const int[int]' for array subscript
   if(args.Length() == 2 && !KerberosContext::HasInstance(args[0]) && !args[1]->IsFunction()) return VException("Requires a GSS context, optional challenge string and callback function");
                                                                ^
../lib/kerberos.cc:292:77: error: invalid types 'const int[int]' for array subscript
   if(args.Length() == 2 && !KerberosContext::HasInstance(args[0]) && !args[1]->IsFunction()) return VException("Requires a GSS context, optional challenge string and callback function");
                                                                             ^
../lib/kerberos.cc:293:11: error: request for member 'Length' in 'args', which is of non-class type 'const int'
   if(args.Length() == 3 && !KerberosContext::HasInstance(args[0]) && !args[1]->IsString() && !args[2]->IsFunction()) return VException("Requires a GSS context, optional challenge string and callback function");
           ^
../lib/kerberos.cc:293:64: error: invalid types 'const int[int]' for array subscript
   if(args.Length() == 3 && !KerberosContext::HasInstance(args[0]) && !args[1]->IsString() && !args[2]->IsFunction()) return VException("Requires a GSS context, optional challenge string and callback function");
                                                                ^
../lib/kerberos.cc:293:77: error: invalid types 'const int[int]' for array subscript
   if(args.Length() == 3 && !KerberosContext::HasInstance(args[0]) && !args[1]->IsString() && !args[2]->IsFunction()) return VException("Requires a GSS context, optional challenge string and callback function");
                                                                             ^
../lib/kerberos.cc:293:101: error: invalid types 'const int[int]' for array subscript
   if(args.Length() == 3 && !KerberosContext::HasInstance(args[0]) && !args[1]->IsString() && !args[2]->IsFunction()) return VException("Requires a GSS context, optional challenge string and callback function");
                                                                                                     ^
../lib/kerberos.cc:298:32: error: invalid types 'const int[int]' for array subscript
   Local<Object> object = args[0]->ToObject();
                                ^
../lib/kerberos.cc:302:11: error: request for member 'Length' in 'args', which is of non-class type 'const int'
   if(args.Length() == 3) {
           ^
../lib/kerberos.cc:304:37: error: invalid types 'const int[int]' for array subscript
     Local<String> challenge = args[1]->ToString();
                                     ^
../lib/kerberos.cc:317:35: error: request for member 'Length' in 'args', which is of non-class type 'const int'
   Local<Function> callback = args.Length() == 3 ? Local<Function>::Cast(args[2]) : Local<Function>::Cast(args[1]);
                                   ^
../lib/kerberos.cc:317:79: error: invalid types 'const int[int]' for array subscript
   Local<Function> callback = args.Length() == 3 ? Local<Function>::Cast(args[2]) : Local<Function>::Cast(args[1]);
                                                                               ^
../lib/kerberos.cc:317:112: error: invalid types 'const int[int]' for array subscript
   Local<Function> callback = args.Length() == 3 ? Local<Function>::Cast(args[2]) : Local<Function>::Cast(args[1]);
                                                                                                                ^
../lib/kerberos.cc:322:11: error: 'class Worker' has no member named 'request'
   worker->request.data = worker;
           ^
../lib/kerberos.cc:323:56: error: no matching function for call to 'v8::Persistent<v8::Function>::New(v8::Local<v8::Function>&)'
   worker->callback = Persistent<Function>::New(callback);
                                                        ^
../lib/kerberos.cc:323:56: note: candidate is:
In file included from /Users/macbookpro-24/.node-gyp/0.12.7/src/node.h:61:0,
                 from ../lib/kerberos.h:4,
                 from ../lib/kerberos.cc:1:
/Users/macbookpro-24/.node-gyp/0.12.7/deps/v8/include/v8.h:5798:4: note: static T* v8::PersistentBase<T>::New(v8::Isolate*, T*) [with T = v8::Function]
 T* PersistentBase<T>::New(Isolate* isolate, T* that) {
    ^
/Users/macbookpro-24/.node-gyp/0.12.7/deps/v8/include/v8.h:5798:4: note:   candidate expects 2 arguments, 1 provided
../lib/kerberos.cc:329:33: error: 'uv_default_loop' was not declared in this scope
   uv_queue_work(uv_default_loop(), &worker->request, Kerberos::Process, (uv_after_work_cb)Kerberos::After);
                                 ^
../lib/kerberos.cc:329:45: error: 'class Worker' has no member named 'request'
   uv_queue_work(uv_default_loop(), &worker->request, Kerberos::Process, (uv_after_work_cb)Kerberos::After);
                                             ^
../lib/kerberos.cc:329:74: error: 'uv_after_work_cb' was not declared in this scope
   uv_queue_work(uv_default_loop(), &worker->request, Kerberos::Process, (uv_after_work_cb)Kerberos::After);
                                                                          ^
../lib/kerberos.cc:329:106: error: 'uv_queue_work' was not declared in this scope
   uv_queue_work(uv_default_loop(), &worker->request, Kerberos::Process, (uv_after_work_cb)Kerberos::After);
                                                                                                          ^
../lib/kerberos.cc:332:16: error: 'class v8::HandleScope' has no member named 'Close'
   return scope.Close(Undefined());
                ^
../lib/kerberos.cc:332:32: error: too few arguments to function 'v8::Handle<v8::Primitive> v8::Undefined(v8::Isolate*)'
   return scope.Close(Undefined());
                                ^
In file included from /Users/macbookpro-24/.node-gyp/0.12.7/src/node.h:61:0,
                 from ../lib/kerberos.h:4,
                 from ../lib/kerberos.cc:1:
/Users/macbookpro-24/.node-gyp/0.12.7/deps/v8/include/v8.h:305:28: note: declared here
   friend Handle<Primitive> Undefined(Isolate* isolate);
                            ^
/Users/macbookpro-24/.node-gyp/0.12.7/deps/v8/include/v8.h: In function 'v8::Handle<v8::Value> _map_authGSSClientWrap(Worker*)':
/Users/macbookpro-24/.node-gyp/0.12.7/deps/v8/include/v8.h:816:13: error: 'v8::HandleScope::HandleScope()' is protected
   V8_INLINE HandleScope() {}
             ^
../lib/kerberos.cc:371:15: error: within this context
   HandleScope scope;
               ^
../lib/kerberos.cc:373:16: error: 'class v8::HandleScope' has no member named 'Close'
   return scope.Close(Int32::New(worker->return_code));
                ^
../lib/kerberos.cc:373:52: error: no matching function for call to 'v8::Int32::New(int&)'
   return scope.Close(Int32::New(worker->return_code));
                                                    ^
../lib/kerberos.cc:373:52: note: candidate is:
In file included from /Users/macbookpro-24/.node-gyp/0.12.7/src/node.h:61:0,
                 from ../lib/kerberos.h:4,
                 from ../lib/kerberos.cc:1:
/Users/macbookpro-24/.node-gyp/0.12.7/deps/v8/include/v8.h:2012:25: note: static v8::Local<v8::Integer> v8::Integer::New(v8::Isolate*, int32_t)
   static Local<Integer> New(Isolate* isolate, int32_t value);
                         ^
/Users/macbookpro-24/.node-gyp/0.12.7/deps/v8/include/v8.h:2012:25: note:   candidate expects 2 arguments, 1 provided
../lib/kerberos.cc: At global scope:
../lib/kerberos.cc:377:49: error: 'Arguments' does not name a type
 Handle<Value> Kerberos::AuthGSSClientWrap(const Arguments &args) {
                                                 ^
../lib/kerberos.cc:377:60: error: ISO C++ forbids declaration of 'args' with no type [-fpermissive]
 Handle<Value> Kerberos::AuthGSSClientWrap(const Arguments &args) {
                                                            ^
In file included from /Users/macbookpro-24/.node-gyp/0.12.7/src/node.h:61:0,
                 from ../lib/kerberos.h:4,
                 from ../lib/kerberos.cc:1:
/Users/macbookpro-24/.node-gyp/0.12.7/deps/v8/include/v8.h: In static member function 'static v8::Handle<v8::Value> Kerberos::AuthGSSClientWrap(const int&)':
/Users/macbookpro-24/.node-gyp/0.12.7/deps/v8/include/v8.h:816:13: error: 'v8::HandleScope::HandleScope()' is protected
   V8_INLINE HandleScope() {}
             ^
../lib/kerberos.cc:378:15: error: within this context
   HandleScope scope;
               ^
../lib/kerberos.cc:381:11: error: request for member 'Length' in 'args', which is of non-class type 'const int'
   if(args.Length() != 3 && args.Length() != 4) return VException("Requires a GSS context, the result from the authGSSClientResponse after authGSSClientUnwrap, optional user name and callback function");
           ^
../lib/kerberos.cc:381:33: error: request for member 'Length' in 'args', which is of non-class type 'const int'
   if(args.Length() != 3 && args.Length() != 4) return VException("Requires a GSS context, the result from the authGSSClientResponse after authGSSClientUnwrap, optional user name and callback function");
                                 ^
../lib/kerberos.cc:382:11: error: request for member 'Length' in 'args', which is of non-class type 'const int'
   if(args.Length() == 3 && !KerberosContext::HasInstance(args[0]) && !args[1]->IsString() && !args[2]->IsFunction()) return VException("Requires a GSS context, the result from the authGSSClientResponse after authGSSClientUnwrap, optional user name and callback function");
           ^
../lib/kerberos.cc:382:64: error: invalid types 'const int[int]' for array subscript
   if(args.Length() == 3 && !KerberosContext::HasInstance(args[0]) && !args[1]->IsString() && !args[2]->IsFunction()) return VException("Requires a GSS context, the result from the authGSSClientResponse after authGSSClientUnwrap, optional user name and callback function");
                                                                ^
../lib/kerberos.cc:382:77: error: invalid types 'const int[int]' for array subscript
   if(args.Length() == 3 && !KerberosContext::HasInstance(args[0]) && !args[1]->IsString() && !args[2]->IsFunction()) return VException("Requires a GSS context, the result from the authGSSClientResponse after authGSSClientUnwrap, optional user name and callback function");
                                                                             ^
../lib/kerberos.cc:382:101: error: invalid types 'const int[int]' for array subscript
   if(args.Length() == 3 && !KerberosContext::HasInstance(args[0]) && !args[1]->IsString() && !args[2]->IsFunction()) return VException("Requires a GSS context, the result from the authGSSClientResponse after authGSSClientUnwrap, optional user name and callback function");
                                                                                                     ^
../lib/kerberos.cc:383:11: error: request for member 'Length' in 'args', which is of non-class type 'const int'
   if(args.Length() == 4 && !KerberosContext::HasInstance(args[0]) && !args[1]->IsString() && !args[2]->IsString() && !args[2]->IsFunction()) return VException("Requires a GSS context, the result from the authGSSClientResponse after authGSSClientUnwrap, optional user name and callback function");
           ^
../lib/kerberos.cc:383:64: error: invalid types 'const int[int]' for array subscript
   if(args.Length() == 4 && !KerberosContext::HasInstance(args[0]) && !args[1]->IsString() && !args[2]->IsString() && !args[2]->IsFunction()) return VException("Requires a GSS context, the result from the authGSSClientResponse after authGSSClientUnwrap, optional user name and callback function");
                                                                ^
../lib/kerberos.cc:383:77: error: invalid types 'const int[int]' for array subscript
   if(args.Length() == 4 && !KerberosContext::HasInstance(args[0]) && !args[1]->IsString() && !args[2]->IsString() && !args[2]->IsFunction()) return VException("Requires a GSS context, the result from the authGSSClientResponse after authGSSClientUnwrap, optional user name and callback function");
                                                                             ^
../lib/kerberos.cc:383:101: error: invalid types 'const int[int]' for array subscript
   if(args.Length() == 4 && !KerberosContext::HasInstance(args[0]) && !args[1]->IsString() && !args[2]->IsString() && !args[2]->IsFunction()) return VException("Requires a GSS context, the result from the authGSSClientResponse after authGSSClientUnwrap, optional user name and callback function");
                                                                                                     ^
../lib/kerberos.cc:383:125: error: invalid types 'const int[int]' for array subscript
   if(args.Length() == 4 && !KerberosContext::HasInstance(args[0]) && !args[1]->IsString() && !args[2]->IsString() && !args[2]->IsFunction()) return VException("Requires a GSS context, the result from the authGSSClientResponse after authGSSClientUnwrap, optional user name and callback function");
                                                                                                                             ^
../lib/kerberos.cc:390:32: error: invalid types 'const int[int]' for array subscript
   Local<Object> object = args[0]->ToObject();
                                ^
../lib/kerberos.cc:394:35: error: invalid types 'const int[int]' for array subscript
   Local<String> challenge = args[1]->ToString();
                                   ^
../lib/kerberos.cc:401:11: error: request for member 'Length' in 'args', which is of non-class type 'const int'
   if(args.Length() == 4) {
           ^
../lib/kerberos.cc:403:37: error: invalid types 'const int[int]' for array subscript
     Local<String> user_name = args[2]->ToString();
                                     ^
../lib/kerberos.cc:417:35: error: request for member 'Length' in 'args', which is of non-class type 'const int'
   Local<Function> callback = args.Length() == 4 ? Local<Function>::Cast(args[3]) : Local<Function>::Cast(args[2]);
                                   ^
../lib/kerberos.cc:417:79: error: invalid types 'const int[int]' for array subscript
   Local<Function> callback = args.Length() == 4 ? Local<Function>::Cast(args[3]) : Local<Function>::Cast(args[2]);
                                                                               ^
../lib/kerberos.cc:417:112: error: invalid types 'const int[int]' for array subscript
   Local<Function> callback = args.Length() == 4 ? Local<Function>::Cast(args[3]) : Local<Function>::Cast(args[2]);
                                                                                                                ^
../lib/kerberos.cc:422:11: error: 'class Worker' has no member named 'request'
   worker->request.data = worker;
           ^
../lib/kerberos.cc:423:56: error: no matching function for call to 'v8::Persistent<v8::Function>::New(v8::Local<v8::Function>&)'
   worker->callback = Persistent<Function>::New(callback);
                                                        ^
../lib/kerberos.cc:423:56: note: candidate is:
In file included from /Users/macbookpro-24/.node-gyp/0.12.7/src/node.h:61:0,
                 from ../lib/kerberos.h:4,
                 from ../lib/kerberos.cc:1:
/Users/macbookpro-24/.node-gyp/0.12.7/deps/v8/include/v8.h:5798:4: note: static T* v8::PersistentBase<T>::New(v8::Isolate*, T*) [with T = v8::Function]
 T* PersistentBase<T>::New(Isolate* isolate, T* that) {
    ^
/Users/macbookpro-24/.node-gyp/0.12.7/deps/v8/include/v8.h:5798:4: note:   candidate expects 2 arguments, 1 provided
../lib/kerberos.cc:429:33: error: 'uv_default_loop' was not declared in this scope
   uv_queue_work(uv_default_loop(), &worker->request, Kerberos::Process, (uv_after_work_cb)Kerberos::After);
                                 ^
../lib/kerberos.cc:429:45: error: 'class Worker' has no member named 'request'
   uv_queue_work(uv_default_loop(), &worker->request, Kerberos::Process, (uv_after_work_cb)Kerberos::After);
                                             ^
../lib/kerberos.cc:429:74: error: 'uv_after_work_cb' was not declared in this scope
   uv_queue_work(uv_default_loop(), &worker->request, Kerberos::Process, (uv_after_work_cb)Kerberos::After);
                                                                          ^
../lib/kerberos.cc:429:106: error: 'uv_queue_work' was not declared in this scope
   uv_queue_work(uv_default_loop(), &worker->request, Kerberos::Process, (uv_after_work_cb)Kerberos::After);
                                                                                                          ^
../lib/kerberos.cc:432:16: error: 'class v8::HandleScope' has no member named 'Close'
   return scope.Close(Undefined());
                ^
../lib/kerberos.cc:432:32: error: too few arguments to function 'v8::Handle<v8::Primitive> v8::Undefined(v8::Isolate*)'
   return scope.Close(Undefined());
                                ^
In file included from /Users/macbookpro-24/.node-gyp/0.12.7/src/node.h:61:0,
                 from ../lib/kerberos.h:4,
                 from ../lib/kerberos.cc:1:
/Users/macbookpro-24/.node-gyp/0.12.7/deps/v8/include/v8.h:305:28: note: declared here
   friend Handle<Primitive> Undefined(Isolate* isolate);
                            ^
/Users/macbookpro-24/.node-gyp/0.12.7/deps/v8/include/v8.h: In function 'v8::Handle<v8::Value> _map_authGSSClientClean(Worker*)':
/Users/macbookpro-24/.node-gyp/0.12.7/deps/v8/include/v8.h:816:13: error: 'v8::HandleScope::HandleScope()' is protected
   V8_INLINE HandleScope() {}
             ^
../lib/kerberos.cc:462:15: error: within this context
   HandleScope scope;
               ^
../lib/kerberos.cc:464:16: error: 'class v8::HandleScope' has no member named 'Close'
   return scope.Close(Int32::New(worker->return_code));
                ^
../lib/kerberos.cc:464:52: error: no matching function for call to 'v8::Int32::New(int&)'
   return scope.Close(Int32::New(worker->return_code));
                                                    ^
../lib/kerberos.cc:464:52: note: candidate is:
In file included from /Users/macbookpro-24/.node-gyp/0.12.7/src/node.h:61:0,
                 from ../lib/kerberos.h:4,
                 from ../lib/kerberos.cc:1:
/Users/macbookpro-24/.node-gyp/0.12.7/deps/v8/include/v8.h:2012:25: note: static v8::Local<v8::Integer> v8::Integer::New(v8::Isolate*, int32_t)
   static Local<Integer> New(Isolate* isolate, int32_t value);
                         ^
/Users/macbookpro-24/.node-gyp/0.12.7/deps/v8/include/v8.h:2012:25: note:   candidate expects 2 arguments, 1 provided
../lib/kerberos.cc: At global scope:
../lib/kerberos.cc:468:50: error: 'Arguments' does not name a type
 Handle<Value> Kerberos::AuthGSSClientClean(const Arguments &args) {
                                                  ^
../lib/kerberos.cc:468:61: error: ISO C++ forbids declaration of 'args' with no type [-fpermissive]
 Handle<Value> Kerberos::AuthGSSClientClean(const Arguments &args) {
                                                             ^
In file included from /Users/macbookpro-24/.node-gyp/0.12.7/src/node.h:61:0,
                 from ../lib/kerberos.h:4,
                 from ../lib/kerberos.cc:1:
/Users/macbookpro-24/.node-gyp/0.12.7/deps/v8/include/v8.h: In static member function 'static v8::Handle<v8::Value> Kerberos::AuthGSSClientClean(const int&)':
/Users/macbookpro-24/.node-gyp/0.12.7/deps/v8/include/v8.h:816:13: error: 'v8::HandleScope::HandleScope()' is protected
   V8_INLINE HandleScope() {}
             ^
../lib/kerberos.cc:469:15: error: within this context
   HandleScope scope;
               ^
../lib/kerberos.cc:472:11: error: request for member 'Length' in 'args', which is of non-class type 'const int'
   if(args.Length() != 2) return VException("Requires a GSS context and callback function");
           ^
../lib/kerberos.cc:473:42: error: invalid types 'const int[int]' for array subscript
   if(!KerberosContext::HasInstance(args[0]) && !args[1]->IsFunction()) return VException("Requires a GSS context and callback function");
                                          ^
../lib/kerberos.cc:473:55: error: invalid types 'const int[int]' for array subscript
   if(!KerberosContext::HasInstance(args[0]) && !args[1]->IsFunction()) return VException("Requires a GSS context and callback function");
                                                       ^
../lib/kerberos.cc:476:32: error: invalid types 'const int[int]' for array subscript
   Local<Object> object = args[0]->ToObject();
                                ^
../lib/kerberos.cc:484:58: error: invalid types 'const int[int]' for array subscript
   Local<Function> callback = Local<Function>::Cast(args[1]);
                                                          ^
../lib/kerberos.cc:489:11: error: 'class Worker' has no member named 'request'
   worker->request.data = worker;
           ^
../lib/kerberos.cc:490:56: error: no matching function for call to 'v8::Persistent<v8::Function>::New(v8::Local<v8::Function>&)'
   worker->callback = Persistent<Function>::New(callback);
                                                        ^
../lib/kerberos.cc:490:56: note: candidate is:
In file included from /Users/macbookpro-24/.node-gyp/0.12.7/src/node.h:61:0,
                 from ../lib/kerberos.h:4,
                 from ../lib/kerberos.cc:1:
/Users/macbookpro-24/.node-gyp/0.12.7/deps/v8/include/v8.h:5798:4: note: static T* v8::PersistentBase<T>::New(v8::Isolate*, T*) [with T = v8::Function]
 T* PersistentBase<T>::New(Isolate* isolate, T* that) {
    ^
/Users/macbookpro-24/.node-gyp/0.12.7/deps/v8/include/v8.h:5798:4: note:   candidate expects 2 arguments, 1 provided
../lib/kerberos.cc:496:33: error: 'uv_default_loop' was not declared in this scope
   uv_queue_work(uv_default_loop(), &worker->request, Kerberos::Process, (uv_after_work_cb)Kerberos::After);
                                 ^
../lib/kerberos.cc:496:45: error: 'class Worker' has no member named 'request'
   uv_queue_work(uv_default_loop(), &worker->request, Kerberos::Process, (uv_after_work_cb)Kerberos::After);
                                             ^
../lib/kerberos.cc:496:74: error: 'uv_after_work_cb' was not declared in this scope
   uv_queue_work(uv_default_loop(), &worker->request, Kerberos::Process, (uv_after_work_cb)Kerberos::After);
                                                                          ^
../lib/kerberos.cc:496:106: error: 'uv_queue_work' was not declared in this scope
   uv_queue_work(uv_default_loop(), &worker->request, Kerberos::Process, (uv_after_work_cb)Kerberos::After);
                                                                                                          ^
../lib/kerberos.cc:499:16: error: 'class v8::HandleScope' has no member named 'Close'
   return scope.Close(Undefined());
                ^
../lib/kerberos.cc:499:32: error: too few arguments to function 'v8::Handle<v8::Primitive> v8::Undefined(v8::Isolate*)'
   return scope.Close(Undefined());
                                ^
In file included from /Users/macbookpro-24/.node-gyp/0.12.7/src/node.h:61:0,
                 from ../lib/kerberos.h:4,
                 from ../lib/kerberos.cc:1:
/Users/macbookpro-24/.node-gyp/0.12.7/deps/v8/include/v8.h:305:28: note: declared here
   friend Handle<Primitive> Undefined(Isolate* isolate);
                            ^
../lib/kerberos.cc: At global scope:
../lib/kerberos.cc:505:24: error: variable or field 'Process' declared void
 void Kerberos::Process(uv_work_t* work_req) {
                        ^
../lib/kerberos.cc:505:24: error: 'uv_work_t' was not declared in this scope
../lib/kerberos.cc:505:35: error: 'work_req' was not declared in this scope
 void Kerberos::Process(uv_work_t* work_req) {
                                   ^
../lib/kerberos.cc:512:22: error: variable or field 'After' declared void
 void Kerberos::After(uv_work_t* work_req) {
                      ^
../lib/kerberos.cc:512:22: error: 'uv_work_t' was not declared in this scope
../lib/kerberos.cc:512:33: error: 'work_req' was not declared in this scope
 void Kerberos::After(uv_work_t* work_req) {
                                 ^
../lib/kerberos.cc: In static member function 'static v8::Handle<v8::Value> Kerberos::New(const int&)':
../lib/kerberos.cc:73:1: warning: control reaches end of non-void function [-Wreturn-type]
 }
 ^
../lib/kerberos.cc: In static member function 'static v8::Handle<v8::Value> Kerberos::AuthGSSClientInit(const int&)':
../lib/kerberos.cc:152:1: warning: control reaches end of non-void function [-Wreturn-type]
 }
 ^
../lib/kerberos.cc: In function 'v8::Handle<v8::Value> _map_authGSSClientInit(Worker*)':
../lib/kerberos.cc:114:1: warning: control reaches end of non-void function [-Wreturn-type]
 }
 ^
../lib/kerberos.cc: In static member function 'static v8::Handle<v8::Value> Kerberos::AuthGSSClientStep(const int&)':
../lib/kerberos.cc:244:1: warning: control reaches end of non-void function [-Wreturn-type]
 }
 ^
../lib/kerberos.cc: In function 'v8::Handle<v8::Value> _map_authGSSClientStep(Worker*)':
../lib/kerberos.cc:195:1: warning: control reaches end of non-void function [-Wreturn-type]
 }
 ^
../lib/kerberos.cc: In static member function 'static v8::Handle<v8::Value> Kerberos::AuthGSSClientUnwrap(const int&)':
../lib/kerberos.cc:333:1: warning: control reaches end of non-void function [-Wreturn-type]
 }
 ^
../lib/kerberos.cc: In function 'v8::Handle<v8::Value> _map_authGSSClientUnwrap(Worker*)':
../lib/kerberos.cc:284:1: warning: control reaches end of non-void function [-Wreturn-type]
 }
 ^
../lib/kerberos.cc: In static member function 'static v8::Handle<v8::Value> Kerberos::AuthGSSClientWrap(const int&)':
../lib/kerberos.cc:433:1: warning: control reaches end of non-void function [-Wreturn-type]
 }
 ^
../lib/kerberos.cc: In function 'v8::Handle<v8::Value> _map_authGSSClientWrap(Worker*)':
../lib/kerberos.cc:374:1: warning: control reaches end of non-void function [-Wreturn-type]
 }
 ^
../lib/kerberos.cc: In static member function 'static v8::Handle<v8::Value> Kerberos::AuthGSSClientClean(const int&)':
../lib/kerberos.cc:500:1: warning: control reaches end of non-void function [-Wreturn-type]
 }
 ^
../lib/kerberos.cc: In function 'v8::Handle<v8::Value> _map_authGSSClientClean(Worker*)':
../lib/kerberos.cc:465:1: warning: control reaches end of non-void function [-Wreturn-type]
 }
 ^
make: *** [Release/obj.target/kerberos/lib/kerberos.o] Error 1
gyp ERR! build error 
gyp ERR! stack Error: `make` failed with exit code: 2
gyp ERR! stack     at ChildProcess.onExit (/usr/local/lib/node_modules/npm/node_modules/node-gyp/lib/build.js:269:23)
gyp ERR! stack     at ChildProcess.emit (events.js:110:17)
gyp ERR! stack     at Process.ChildProcess._handle.onexit (child_process.js:1074:12)
gyp ERR! System Darwin 13.4.0
gyp ERR! command "node" "/usr/local/lib/node_modules/npm/node_modules/node-gyp/bin/node-gyp.js" "rebuild"
gyp ERR! cwd /Users/macbookpro-24/practice/node_practice/node_practice/node_modules/express-scaffold/node_modules/connect-mongo/node_modules/mongodb/node_modules/kerberos
gyp ERR! node -v v0.12.7
gyp ERR! node-gyp -v v2.0.1
gyp ERR! not ok 
